{"/Users/kubagrabarczyk/Desktop/dashboard/src/App.jsx": {"path":"/Users/kubagrabarczyk/Desktop/dashboard/src/App.jsx","statementMap":{"0":{"start":{"line":12,"column":28},"end":{"line":12,"column":null}},"1":{"start":{"line":13,"column":22},"end":{"line":13,"column":null}},"2":{"start":{"line":14,"column":42},"end":{"line":14,"column":null}},"3":{"start":{"line":16,"column":2},"end":{"line":30,"column":null}},"4":{"start":{"line":17,"column":4},"end":{"line":20,"column":null}},"5":{"start":{"line":18,"column":6},"end":{"line":18,"column":null}},"6":{"start":{"line":19,"column":6},"end":{"line":19,"column":null}},"7":{"start":{"line":24,"column":8},"end":{"line":27,"column":null}},"8":{"start":{"line":25,"column":6},"end":{"line":25,"column":null}},"9":{"start":{"line":26,"column":6},"end":{"line":26,"column":null}},"10":{"start":{"line":29,"column":4},"end":{"line":29,"column":null}},"11":{"start":{"line":29,"column":17},"end":{"line":29,"column":null}},"12":{"start":{"line":33,"column":2},"end":{"line":35,"column":null}},"13":{"start":{"line":34,"column":4},"end":{"line":34,"column":null}},"14":{"start":{"line":37,"column":2},"end":{"line":39,"column":null}},"15":{"start":{"line":38,"column":6},"end":{"line":38,"column":null}},"16":{"start":{"line":41,"column":2},"end":{"line":48,"column":null}},"17":{"start":{"line":42,"column":4},"end":{"line":46,"column":null}},"18":{"start":{"line":50,"column":2},"end":{"line":67,"column":null}},"19":{"start":{"line":64,"column":42},"end":{"line":64,"column":64}}},"fnMap":{"0":{"name":"App","decl":{"start":{"line":11,"column":9},"end":{"line":11,"column":15}},"loc":{"start":{"line":11,"column":15},"end":{"line":69,"column":null}},"line":11},"1":{"name":"(anonymous_1)","decl":{"start":{"line":16,"column":12},"end":{"line":16,"column":18}},"loc":{"start":{"line":16,"column":18},"end":{"line":30,"column":5}},"line":16},"2":{"name":"(anonymous_2)","decl":{"start":{"line":17,"column":36},"end":{"line":17,"column":37}},"loc":{"start":{"line":17,"column":63},"end":{"line":20,"column":5}},"line":17},"3":{"name":"(anonymous_3)","decl":{"start":{"line":24,"column":40},"end":{"line":24,"column":41}},"loc":{"start":{"line":24,"column":61},"end":{"line":27,"column":5}},"line":24},"4":{"name":"(anonymous_4)","decl":{"start":{"line":29,"column":11},"end":{"line":29,"column":17}},"loc":{"start":{"line":29,"column":17},"end":{"line":29,"column":null}},"line":29},"5":{"name":"(anonymous_5)","decl":{"start":{"line":33,"column":12},"end":{"line":33,"column":18}},"loc":{"start":{"line":33,"column":18},"end":{"line":35,"column":5}},"line":33},"6":{"name":"(anonymous_6)","decl":{"start":{"line":64,"column":36},"end":{"line":64,"column":42}},"loc":{"start":{"line":64,"column":42},"end":{"line":64,"column":64}},"line":64}},"branchMap":{"0":{"loc":{"start":{"line":37,"column":2},"end":{"line":39,"column":null}},"type":"if","locations":[{"start":{"line":37,"column":2},"end":{"line":39,"column":null}},{"start":{},"end":{}}],"line":37},"1":{"loc":{"start":{"line":41,"column":2},"end":{"line":48,"column":null}},"type":"if","locations":[{"start":{"line":41,"column":2},"end":{"line":48,"column":null}},{"start":{},"end":{}}],"line":41},"2":{"loc":{"start":{"line":56,"column":13},"end":{"line":64,"column":null}},"type":"cond-expr","locations":[{"start":{"line":57,"column":16},"end":{"line":62,"column":null}},{"start":{"line":64,"column":16},"end":{"line":64,"column":null}}],"line":56}},"s":{"0":8,"1":8,"2":8,"3":8,"4":4,"5":4,"6":4,"7":4,"8":0,"9":0,"10":4,"11":4,"12":8,"13":5,"14":8,"15":4,"16":4,"17":1,"18":3,"19":0},"f":{"0":8,"1":4,"2":4,"3":0,"4":4,"5":5,"6":0},"b":{"0":[4,4],"1":[1,3],"2":[2,1]},"meta":{"lastBranch":3,"lastFunction":7,"lastStatement":20,"seen":{"f:11:9:11:15":0,"s:12:28:12:Infinity":0,"s:13:22:13:Infinity":1,"s:14:42:14:Infinity":2,"s:16:2:30:Infinity":3,"f:16:12:16:18":1,"s:17:4:20:Infinity":4,"f:17:36:17:37":2,"s:18:6:18:Infinity":5,"s:19:6:19:Infinity":6,"s:24:8:27:Infinity":7,"f:24:40:24:41":3,"s:25:6:25:Infinity":8,"s:26:6:26:Infinity":9,"s:29:4:29:Infinity":10,"f:29:11:29:17":4,"s:29:17:29:Infinity":11,"s:33:2:35:Infinity":12,"f:33:12:33:18":5,"s:34:4:34:Infinity":13,"b:37:2:39:Infinity:undefined:undefined:undefined:undefined":0,"s:37:2:39:Infinity":14,"s:38:6:38:Infinity":15,"b:41:2:48:Infinity:undefined:undefined:undefined:undefined":1,"s:41:2:48:Infinity":16,"s:42:4:46:Infinity":17,"s:50:2:67:Infinity":18,"b:57:16:62:Infinity:64:16:64:Infinity":2,"f:64:36:64:42":6,"s:64:42:64:64":19}}}
,"/Users/kubagrabarczyk/Desktop/dashboard/src/Auth.jsx": {"path":"/Users/kubagrabarczyk/Desktop/dashboard/src/Auth.jsx","statementMap":{"0":{"start":{"line":7,"column":28},"end":{"line":7,"column":null}},"1":{"start":{"line":8,"column":24},"end":{"line":8,"column":null}},"2":{"start":{"line":9,"column":30},"end":{"line":9,"column":null}},"3":{"start":{"line":10,"column":30},"end":{"line":10,"column":null}},"4":{"start":{"line":12,"column":21},"end":{"line":35,"column":null}},"5":{"start":{"line":13,"column":4},"end":{"line":13,"column":null}},"6":{"start":{"line":14,"column":4},"end":{"line":14,"column":null}},"7":{"start":{"line":15,"column":4},"end":{"line":34,"column":null}},"8":{"start":{"line":16,"column":6},"end":{"line":29,"column":null}},"9":{"start":{"line":17,"column":26},"end":{"line":23,"column":null}},"10":{"start":{"line":24,"column":8},"end":{"line":24,"column":null}},"11":{"start":{"line":24,"column":19},"end":{"line":24,"column":null}},"12":{"start":{"line":25,"column":8},"end":{"line":25,"column":null}},"13":{"start":{"line":27,"column":26},"end":{"line":27,"column":null}},"14":{"start":{"line":28,"column":8},"end":{"line":28,"column":null}},"15":{"start":{"line":28,"column":19},"end":{"line":28,"column":null}},"16":{"start":{"line":31,"column":6},"end":{"line":31,"column":null}},"17":{"start":{"line":33,"column":6},"end":{"line":33,"column":null}},"18":{"start":{"line":37,"column":2},"end":{"line":69,"column":null}},"19":{"start":{"line":48,"column":31},"end":{"line":48,"column":null}},"20":{"start":{"line":57,"column":31},"end":{"line":57,"column":null}},"21":{"start":{"line":65,"column":52},"end":{"line":65,"column":null}}},"fnMap":{"0":{"name":"Auth","decl":{"start":{"line":6,"column":16},"end":{"line":6,"column":23}},"loc":{"start":{"line":6,"column":23},"end":{"line":71,"column":null}},"line":6},"1":{"name":"(anonymous_1)","decl":{"start":{"line":12,"column":21},"end":{"line":12,"column":28}},"loc":{"start":{"line":12,"column":34},"end":{"line":35,"column":null}},"line":12},"2":{"name":"(anonymous_2)","decl":{"start":{"line":48,"column":24},"end":{"line":48,"column":25}},"loc":{"start":{"line":48,"column":31},"end":{"line":48,"column":null}},"line":48},"3":{"name":"(anonymous_3)","decl":{"start":{"line":57,"column":24},"end":{"line":57,"column":25}},"loc":{"start":{"line":57,"column":31},"end":{"line":57,"column":null}},"line":57},"4":{"name":"(anonymous_4)","decl":{"start":{"line":65,"column":46},"end":{"line":65,"column":52}},"loc":{"start":{"line":65,"column":52},"end":{"line":65,"column":null}},"line":65}},"branchMap":{"0":{"loc":{"start":{"line":16,"column":6},"end":{"line":29,"column":null}},"type":"if","locations":[{"start":{"line":16,"column":6},"end":{"line":29,"column":null}},{"start":{"line":26,"column":13},"end":{"line":29,"column":null}}],"line":16},"1":{"loc":{"start":{"line":24,"column":8},"end":{"line":24,"column":null}},"type":"if","locations":[{"start":{"line":24,"column":8},"end":{"line":24,"column":null}},{"start":{},"end":{}}],"line":24},"2":{"loc":{"start":{"line":28,"column":8},"end":{"line":28,"column":null}},"type":"if","locations":[{"start":{"line":28,"column":8},"end":{"line":28,"column":null}},{"start":{},"end":{}}],"line":28},"3":{"loc":{"start":{"line":41,"column":12},"end":{"line":41,"column":82}},"type":"cond-expr","locations":[{"start":{"line":41,"column":23},"end":{"line":41,"column":53}},{"start":{"line":41,"column":53},"end":{"line":41,"column":82}}],"line":41},"4":{"loc":{"start":{"line":62,"column":13},"end":{"line":62,"column":null}},"type":"cond-expr","locations":[{"start":{"line":62,"column":23},"end":{"line":62,"column":42}},{"start":{"line":62,"column":42},"end":{"line":62,"column":null}}],"line":62},"5":{"loc":{"start":{"line":62,"column":42},"end":{"line":62,"column":null}},"type":"cond-expr","locations":[{"start":{"line":62,"column":53},"end":{"line":62,"column":65}},{"start":{"line":62,"column":65},"end":{"line":62,"column":null}}],"line":62},"6":{"loc":{"start":{"line":66,"column":11},"end":{"line":66,"column":null}},"type":"cond-expr","locations":[{"start":{"line":66,"column":22},"end":{"line":66,"column":57}},{"start":{"line":66,"column":57},"end":{"line":66,"column":null}}],"line":66}},"s":{"0":18,"1":18,"2":18,"3":18,"4":18,"5":3,"6":3,"7":3,"8":3,"9":1,"10":1,"11":0,"12":1,"13":2,"14":2,"15":1,"16":1,"17":3,"18":18,"19":2,"20":2,"21":2},"f":{"0":18,"1":3,"2":2,"3":2,"4":2},"b":{"0":[1,2],"1":[0,1],"2":[1,1],"3":[6,12],"4":[3,15],"5":[5,10],"6":[6,12]},"meta":{"lastBranch":7,"lastFunction":5,"lastStatement":22,"seen":{"f:6:16:6:23":0,"s:7:28:7:Infinity":0,"s:8:24:8:Infinity":1,"s:9:30:9:Infinity":2,"s:10:30:10:Infinity":3,"s:12:21:35:Infinity":4,"f:12:21:12:28":1,"s:13:4:13:Infinity":5,"s:14:4:14:Infinity":6,"s:15:4:34:Infinity":7,"b:16:6:29:Infinity:26:13:29:Infinity":0,"s:16:6:29:Infinity":8,"s:17:26:23:Infinity":9,"b:24:8:24:Infinity:undefined:undefined:undefined:undefined":1,"s:24:8:24:Infinity":10,"s:24:19:24:Infinity":11,"s:25:8:25:Infinity":12,"s:27:26:27:Infinity":13,"b:28:8:28:Infinity:undefined:undefined:undefined:undefined":2,"s:28:8:28:Infinity":14,"s:28:19:28:Infinity":15,"s:31:6:31:Infinity":16,"s:33:6:33:Infinity":17,"s:37:2:69:Infinity":18,"b:41:23:41:53:41:53:41:82":3,"f:48:24:48:25":2,"s:48:31:48:Infinity":19,"f:57:24:57:25":3,"s:57:31:57:Infinity":20,"b:62:23:62:42:62:42:62:Infinity":4,"b:62:53:62:65:62:65:62:Infinity":5,"f:65:46:65:52":4,"s:65:52:65:Infinity":21,"b:66:22:66:57:66:57:66:Infinity":6}}}
,"/Users/kubagrabarczyk/Desktop/dashboard/src/Dashboard.jsx": {"path":"/Users/kubagrabarczyk/Desktop/dashboard/src/Dashboard.jsx","statementMap":{"0":{"start":{"line":7,"column":4},"end":{"line":15,"column":null}},"1":{"start":{"line":8,"column":8},"end":{"line":13,"column":null}},"2":{"start":{"line":16,"column":4},"end":{"line":23,"column":null}},"3":{"start":{"line":28,"column":4},"end":{"line":35,"column":null}},"4":{"start":{"line":29,"column":8},"end":{"line":33,"column":null}},"5":{"start":{"line":36,"column":4},"end":{"line":42,"column":null}},"6":{"start":{"line":47,"column":30},"end":{"line":47,"column":null}},"7":{"start":{"line":48,"column":30},"end":{"line":48,"column":null}},"8":{"start":{"line":50,"column":22},"end":{"line":64,"column":null}},"9":{"start":{"line":51,"column":8},"end":{"line":63,"column":null}},"10":{"start":{"line":52,"column":36},"end":{"line":55,"column":null}},"11":{"start":{"line":57,"column":12},"end":{"line":57,"column":null}},"12":{"start":{"line":57,"column":23},"end":{"line":57,"column":null}},"13":{"start":{"line":58,"column":12},"end":{"line":58,"column":null}},"14":{"start":{"line":60,"column":12},"end":{"line":60,"column":null}},"15":{"start":{"line":62,"column":12},"end":{"line":62,"column":null}},"16":{"start":{"line":66,"column":4},"end":{"line":76,"column":null}},"17":{"start":{"line":67,"column":8},"end":{"line":67,"column":null}},"18":{"start":{"line":68,"column":29},"end":{"line":71,"column":null}},"19":{"start":{"line":73,"column":8},"end":{"line":75,"column":null}},"20":{"start":{"line":74,"column":13},"end":{"line":74,"column":null}},"21":{"start":{"line":79,"column":19},"end":{"line":79,"column":null}},"22":{"start":{"line":81,"column":4},"end":{"line":200,"column":null}},"23":{"start":{"line":168,"column":36},"end":{"line":175,"column":null}},"24":{"start":{"line":179,"column":36},"end":{"line":186,"column":null}}},"fnMap":{"0":{"name":"MetricCard","decl":{"start":{"line":6,"column":9},"end":{"line":6,"column":20}},"loc":{"start":{"line":6,"column":60},"end":{"line":25,"column":null}},"line":6},"1":{"name":"ChartCard","decl":{"start":{"line":27,"column":9},"end":{"line":27,"column":19}},"loc":{"start":{"line":27,"column":49},"end":{"line":44,"column":null}},"line":27},"2":{"name":"Dashboard","decl":{"start":{"line":46,"column":16},"end":{"line":46,"column":28}},"loc":{"start":{"line":46,"column":28},"end":{"line":202,"column":null}},"line":46},"3":{"name":"(anonymous_3)","decl":{"start":{"line":50,"column":22},"end":{"line":50,"column":34}},"loc":{"start":{"line":50,"column":34},"end":{"line":64,"column":null}},"line":50},"4":{"name":"(anonymous_4)","decl":{"start":{"line":66,"column":14},"end":{"line":66,"column":20}},"loc":{"start":{"line":66,"column":20},"end":{"line":76,"column":7}},"line":66},"5":{"name":"(anonymous_5)","decl":{"start":{"line":73,"column":15},"end":{"line":73,"column":21}},"loc":{"start":{"line":73,"column":21},"end":{"line":75,"column":null}},"line":73},"6":{"name":"(anonymous_6)","decl":{"start":{"line":167,"column":62},"end":{"line":167,"column":63}},"loc":{"start":{"line":168,"column":36},"end":{"line":175,"column":null}},"line":168},"7":{"name":"(anonymous_7)","decl":{"start":{"line":178,"column":44},"end":{"line":178,"column":45}},"loc":{"start":{"line":179,"column":36},"end":{"line":186,"column":null}},"line":179}},"branchMap":{"0":{"loc":{"start":{"line":7,"column":4},"end":{"line":15,"column":null}},"type":"if","locations":[{"start":{"line":7,"column":4},"end":{"line":15,"column":null}},{"start":{},"end":{}}],"line":7},"1":{"loc":{"start":{"line":22,"column":13},"end":{"line":22,"column":null}},"type":"binary-expr","locations":[{"start":{"line":22,"column":13},"end":{"line":22,"column":22}},{"start":{"line":22,"column":22},"end":{"line":22,"column":null}}],"line":22},"2":{"loc":{"start":{"line":28,"column":4},"end":{"line":35,"column":null}},"type":"if","locations":[{"start":{"line":28,"column":4},"end":{"line":35,"column":null}},{"start":{},"end":{}}],"line":28},"3":{"loc":{"start":{"line":57,"column":12},"end":{"line":57,"column":null}},"type":"if","locations":[{"start":{"line":57,"column":12},"end":{"line":57,"column":null}},{"start":{},"end":{}}],"line":57},"4":{"loc":{"start":{"line":79,"column":19},"end":{"line":79,"column":null}},"type":"cond-expr","locations":[{"start":{"line":79,"column":40},"end":{"line":79,"column":70}},{"start":{"line":79,"column":70},"end":{"line":79,"column":null}}],"line":79},"5":{"loc":{"start":{"line":101,"column":27},"end":{"line":101,"column":null}},"type":"cond-expr","locations":[{"start":{"line":101,"column":56},"end":{"line":101,"column":141}},{"start":{"line":101,"column":141},"end":{"line":101,"column":null}}],"line":101},"6":{"loc":{"start":{"line":103,"column":27},"end":{"line":103,"column":null}},"type":"cond-expr","locations":[{"start":{"line":103,"column":47},"end":{"line":103,"column":79}},{"start":{"line":103,"column":79},"end":{"line":103,"column":null}}],"line":103},"7":{"loc":{"start":{"line":108,"column":27},"end":{"line":108,"column":null}},"type":"cond-expr","locations":[{"start":{"line":108,"column":48},"end":{"line":108,"column":80}},{"start":{"line":108,"column":80},"end":{"line":108,"column":null}}],"line":108},"8":{"loc":{"start":{"line":114,"column":27},"end":{"line":114,"column":null}},"type":"cond-expr","locations":[{"start":{"line":114,"column":34},"end":{"line":114,"column":103}},{"start":{"line":114,"column":103},"end":{"line":114,"column":null}}],"line":114},"9":{"loc":{"start":{"line":165,"column":29},"end":{"line":187,"column":null}},"type":"cond-expr","locations":[{"start":{"line":167,"column":32},"end":{"line":176,"column":null}},{"start":{"line":178,"column":32},"end":{"line":187,"column":null}}],"line":165},"10":{"loc":{"start":{"line":181,"column":45},"end":{"line":181,"column":66}},"type":"binary-expr","locations":[{"start":{"line":181,"column":45},"end":{"line":181,"column":62}},{"start":{"line":181,"column":62},"end":{"line":181,"column":66}}],"line":181},"11":{"loc":{"start":{"line":183,"column":47},"end":{"line":183,"column":71}},"type":"binary-expr","locations":[{"start":{"line":183,"column":47},"end":{"line":183,"column":68}},{"start":{"line":183,"column":68},"end":{"line":183,"column":71}}],"line":183},"12":{"loc":{"start":{"line":184,"column":46},"end":{"line":184,"column":73}},"type":"binary-expr","locations":[{"start":{"line":184,"column":46},"end":{"line":184,"column":70}},{"start":{"line":184,"column":70},"end":{"line":184,"column":73}}],"line":184},"13":{"loc":{"start":{"line":185,"column":46},"end":{"line":185,"column":68}},"type":"binary-expr","locations":[{"start":{"line":185,"column":46},"end":{"line":185,"column":65}},{"start":{"line":185,"column":65},"end":{"line":185,"column":68}}],"line":185},"14":{"loc":{"start":{"line":189,"column":29},"end":{"line":194,"column":null}},"type":"binary-expr","locations":[{"start":{"line":189,"column":29},"end":{"line":189,"column":41}},{"start":{"line":189,"column":41},"end":{"line":189,"column":null}},{"start":{"line":190,"column":32},"end":{"line":194,"column":null}}],"line":189}},"s":{"0":18,"1":12,"2":6,"3":12,"4":8,"5":4,"6":6,"7":6,"8":6,"9":4,"10":4,"11":3,"12":0,"13":3,"14":0,"15":3,"16":6,"17":4,"18":4,"19":4,"20":4,"21":6,"22":6,"23":12,"24":1},"f":{"0":18,"1":12,"2":6,"3":4,"4":4,"5":4,"6":12,"7":1},"b":{"0":[12,6],"1":[6,4],"2":[8,4],"3":[0,3],"4":[1,5],"5":[1,5],"6":[1,5],"7":[1,5],"8":[1,5],"9":[4,2],"10":[1,0],"11":[1,0],"12":[1,0],"13":[1,0],"14":[6,2,1]},"meta":{"lastBranch":15,"lastFunction":8,"lastStatement":25,"seen":{"f:6:9:6:20":0,"b:7:4:15:Infinity:undefined:undefined:undefined:undefined":0,"s:7:4:15:Infinity":0,"s:8:8:13:Infinity":1,"s:16:4:23:Infinity":2,"b:22:13:22:22:22:22:22:Infinity":1,"f:27:9:27:19":1,"b:28:4:35:Infinity:undefined:undefined:undefined:undefined":2,"s:28:4:35:Infinity":3,"s:29:8:33:Infinity":4,"s:36:4:42:Infinity":5,"f:46:16:46:28":2,"s:47:30:47:Infinity":6,"s:48:30:48:Infinity":7,"s:50:22:64:Infinity":8,"f:50:22:50:34":3,"s:51:8:63:Infinity":9,"s:52:36:55:Infinity":10,"b:57:12:57:Infinity:undefined:undefined:undefined:undefined":3,"s:57:12:57:Infinity":11,"s:57:23:57:Infinity":12,"s:58:12:58:Infinity":13,"s:60:12:60:Infinity":14,"s:62:12:62:Infinity":15,"s:66:4:76:Infinity":16,"f:66:14:66:20":4,"s:67:8:67:Infinity":17,"s:68:29:71:Infinity":18,"s:73:8:75:Infinity":19,"f:73:15:73:21":5,"s:74:13:74:Infinity":20,"s:79:19:79:Infinity":21,"b:79:40:79:70:79:70:79:Infinity":4,"s:81:4:200:Infinity":22,"b:101:56:101:141:101:141:101:Infinity":5,"b:103:47:103:79:103:79:103:Infinity":6,"b:108:48:108:80:108:80:108:Infinity":7,"b:114:34:114:103:114:103:114:Infinity":8,"b:167:32:176:Infinity:178:32:187:Infinity":9,"f:167:62:167:63":6,"s:168:36:175:Infinity":23,"f:178:44:178:45":7,"s:179:36:186:Infinity":24,"b:181:45:181:62:181:62:181:66":10,"b:183:47:183:68:183:68:183:71":11,"b:184:46:184:70:184:70:184:73":12,"b:185:46:185:65:185:65:185:68":13,"b:189:29:189:41:189:41:189:Infinity:190:32:194:Infinity":14}}}
,"/Users/kubagrabarczyk/Desktop/dashboard/src/InputForm.jsx": {"path":"/Users/kubagrabarczyk/Desktop/dashboard/src/InputForm.jsx","statementMap":{"0":{"start":{"line":8,"column":30},"end":{"line":8,"column":null}},"1":{"start":{"line":10,"column":24},"end":{"line":27,"column":null}},"2":{"start":{"line":29,"column":32},"end":{"line":29,"column":null}},"3":{"start":{"line":32,"column":4},"end":{"line":42,"column":null}},"4":{"start":{"line":33,"column":22},"end":{"line":33,"column":null}},"5":{"start":{"line":34,"column":8},"end":{"line":41,"column":null}},"6":{"start":{"line":35,"column":12},"end":{"line":40,"column":null}},"7":{"start":{"line":36,"column":16},"end":{"line":36,"column":null}},"8":{"start":{"line":37,"column":16},"end":{"line":37,"column":null}},"9":{"start":{"line":39,"column":16},"end":{"line":39,"column":null}},"10":{"start":{"line":45,"column":25},"end":{"line":49,"column":null}},"11":{"start":{"line":46,"column":25},"end":{"line":46,"column":null}},"12":{"start":{"line":47,"column":8},"end":{"line":47,"column":null}},"13":{"start":{"line":48,"column":8},"end":{"line":48,"column":null}},"14":{"start":{"line":51,"column":25},"end":{"line":80,"column":null}},"15":{"start":{"line":52,"column":8},"end":{"line":52,"column":null}},"16":{"start":{"line":53,"column":8},"end":{"line":53,"column":null}},"17":{"start":{"line":55,"column":14},"end":{"line":55,"column":null}},"18":{"start":{"line":56,"column":8},"end":{"line":60,"column":null}},"19":{"start":{"line":57,"column":12},"end":{"line":57,"column":null}},"20":{"start":{"line":58,"column":12},"end":{"line":58,"column":null}},"21":{"start":{"line":59,"column":12},"end":{"line":59,"column":null}},"22":{"start":{"line":62,"column":8},"end":{"line":65,"column":null}},"23":{"start":{"line":63,"column":13},"end":{"line":63,"column":null}},"24":{"start":{"line":67,"column":8},"end":{"line":79,"column":null}},"25":{"start":{"line":68,"column":30},"end":{"line":68,"column":null}},"26":{"start":{"line":69,"column":12},"end":{"line":69,"column":null}},"27":{"start":{"line":69,"column":23},"end":{"line":69,"column":null}},"28":{"start":{"line":71,"column":12},"end":{"line":71,"column":null}},"29":{"start":{"line":72,"column":12},"end":{"line":72,"column":null}},"30":{"start":{"line":73,"column":12},"end":{"line":73,"column":null}},"31":{"start":{"line":74,"column":12},"end":{"line":74,"column":null}},"32":{"start":{"line":74,"column":25},"end":{"line":74,"column":null}},"33":{"start":{"line":76,"column":12},"end":{"line":76,"column":null}},"34":{"start":{"line":78,"column":12},"end":{"line":78,"column":null}},"35":{"start":{"line":82,"column":4},"end":{"line":191,"column":null}}},"fnMap":{"0":{"name":"InputForm","decl":{"start":{"line":7,"column":16},"end":{"line":7,"column":26}},"loc":{"start":{"line":7,"column":39},"end":{"line":193,"column":null}},"line":7},"1":{"name":"(anonymous_1)","decl":{"start":{"line":32,"column":14},"end":{"line":32,"column":20}},"loc":{"start":{"line":32,"column":20},"end":{"line":42,"column":7}},"line":32},"2":{"name":"(anonymous_2)","decl":{"start":{"line":45,"column":25},"end":{"line":45,"column":26}},"loc":{"start":{"line":45,"column":32},"end":{"line":49,"column":null}},"line":45},"3":{"name":"(anonymous_3)","decl":{"start":{"line":51,"column":25},"end":{"line":51,"column":32}},"loc":{"start":{"line":51,"column":38},"end":{"line":80,"column":null}},"line":51}},"branchMap":{"0":{"loc":{"start":{"line":34,"column":8},"end":{"line":41,"column":null}},"type":"if","locations":[{"start":{"line":34,"column":8},"end":{"line":41,"column":null}},{"start":{},"end":{}}],"line":34},"1":{"loc":{"start":{"line":56,"column":8},"end":{"line":60,"column":null}},"type":"if","locations":[{"start":{"line":56,"column":8},"end":{"line":60,"column":null}},{"start":{},"end":{}}],"line":56},"2":{"loc":{"start":{"line":62,"column":8},"end":{"line":65,"column":null}},"type":"if","locations":[{"start":{"line":62,"column":8},"end":{"line":65,"column":null}},{"start":{},"end":{}}],"line":62},"3":{"loc":{"start":{"line":69,"column":12},"end":{"line":69,"column":null}},"type":"if","locations":[{"start":{"line":69,"column":12},"end":{"line":69,"column":null}},{"start":{},"end":{}}],"line":69},"4":{"loc":{"start":{"line":74,"column":12},"end":{"line":74,"column":null}},"type":"if","locations":[{"start":{"line":74,"column":12},"end":{"line":74,"column":null}},{"start":{},"end":{}}],"line":74},"5":{"loc":{"start":{"line":187,"column":25},"end":{"line":187,"column":null}},"type":"cond-expr","locations":[{"start":{"line":187,"column":35},"end":{"line":187,"column":49}},{"start":{"line":187,"column":49},"end":{"line":187,"column":null}}],"line":187}},"s":{"0":14,"1":14,"2":14,"3":14,"4":5,"5":5,"6":1,"7":1,"8":1,"9":0,"10":14,"11":3,"12":3,"13":3,"14":14,"15":3,"16":3,"17":3,"18":3,"19":1,"20":1,"21":1,"22":2,"23":1,"24":2,"25":2,"26":2,"27":2,"28":1,"29":1,"30":1,"31":1,"32":1,"33":1,"34":2,"35":14},"f":{"0":14,"1":5,"2":3,"3":3},"b":{"0":[1,4],"1":[1,2],"2":[1,1],"3":[1,1],"4":[1,0],"5":[2,12]},"meta":{"lastBranch":6,"lastFunction":4,"lastStatement":36,"seen":{"f:7:16:7:26":0,"s:8:30:8:Infinity":0,"s:10:24:27:Infinity":1,"s:29:32:29:Infinity":2,"s:32:4:42:Infinity":3,"f:32:14:32:20":1,"s:33:22:33:Infinity":4,"b:34:8:41:Infinity:undefined:undefined:undefined:undefined":0,"s:34:8:41:Infinity":5,"s:35:12:40:Infinity":6,"s:36:16:36:Infinity":7,"s:37:16:37:Infinity":8,"s:39:16:39:Infinity":9,"s:45:25:49:Infinity":10,"f:45:25:45:26":2,"s:46:25:46:Infinity":11,"s:47:8:47:Infinity":12,"s:48:8:48:Infinity":13,"s:51:25:80:Infinity":14,"f:51:25:51:32":3,"s:52:8:52:Infinity":15,"s:53:8:53:Infinity":16,"s:55:14:55:Infinity":17,"b:56:8:60:Infinity:undefined:undefined:undefined:undefined":1,"s:56:8:60:Infinity":18,"s:57:12:57:Infinity":19,"s:58:12:58:Infinity":20,"s:59:12:59:Infinity":21,"b:62:8:65:Infinity:undefined:undefined:undefined:undefined":2,"s:62:8:65:Infinity":22,"s:63:13:63:Infinity":23,"s:67:8:79:Infinity":24,"s:68:30:68:Infinity":25,"b:69:12:69:Infinity:undefined:undefined:undefined:undefined":3,"s:69:12:69:Infinity":26,"s:69:23:69:Infinity":27,"s:71:12:71:Infinity":28,"s:72:12:72:Infinity":29,"s:73:12:73:Infinity":30,"b:74:12:74:Infinity:undefined:undefined:undefined:undefined":4,"s:74:12:74:Infinity":31,"s:74:25:74:Infinity":32,"s:76:12:76:Infinity":33,"s:78:12:78:Infinity":34,"s:82:4:191:Infinity":35,"b:187:35:187:49:187:49:187:Infinity":5}}}
,"/Users/kubagrabarczyk/Desktop/dashboard/src/Sidebar.jsx": {"path":"/Users/kubagrabarczyk/Desktop/dashboard/src/Sidebar.jsx","statementMap":{"0":{"start":{"line":7,"column":28},"end":{"line":7,"column":null}},"1":{"start":{"line":9,"column":22},"end":{"line":12,"column":null}},"2":{"start":{"line":10,"column":8},"end":{"line":10,"column":null}},"3":{"start":{"line":11,"column":8},"end":{"line":11,"column":null}},"4":{"start":{"line":14,"column":4},"end":{"line":75,"column":null}},"5":{"start":{"line":24,"column":35},"end":{"line":24,"column":null}},"6":{"start":{"line":50,"column":35},"end":{"line":50,"column":null}},"7":{"start":{"line":58,"column":35},"end":{"line":58,"column":null}},"8":{"start":{"line":69,"column":35},"end":{"line":69,"column":null}}},"fnMap":{"0":{"name":"Sidebar","decl":{"start":{"line":6,"column":16},"end":{"line":6,"column":24}},"loc":{"start":{"line":6,"column":50},"end":{"line":77,"column":null}},"line":6},"1":{"name":"(anonymous_1)","decl":{"start":{"line":9,"column":22},"end":{"line":9,"column":23}},"loc":{"start":{"line":9,"column":32},"end":{"line":12,"column":null}},"line":9},"2":{"name":"(anonymous_2)","decl":{"start":{"line":24,"column":29},"end":{"line":24,"column":35}},"loc":{"start":{"line":24,"column":35},"end":{"line":24,"column":null}},"line":24},"3":{"name":"(anonymous_3)","decl":{"start":{"line":50,"column":29},"end":{"line":50,"column":35}},"loc":{"start":{"line":50,"column":35},"end":{"line":50,"column":null}},"line":50},"4":{"name":"(anonymous_4)","decl":{"start":{"line":58,"column":29},"end":{"line":58,"column":35}},"loc":{"start":{"line":58,"column":35},"end":{"line":58,"column":null}},"line":58},"5":{"name":"(anonymous_5)","decl":{"start":{"line":69,"column":29},"end":{"line":69,"column":35}},"loc":{"start":{"line":69,"column":35},"end":{"line":69,"column":null}},"line":69}},"branchMap":{"0":{"loc":{"start":{"line":27,"column":21},"end":{"line":27,"column":null}},"type":"cond-expr","locations":[{"start":{"line":27,"column":30},"end":{"line":27,"column":76}},{"start":{"line":27,"column":76},"end":{"line":27,"column":null}}],"line":27},"1":{"loc":{"start":{"line":35,"column":35},"end":{"line":35,"column":59}},"type":"cond-expr","locations":[{"start":{"line":35,"column":44},"end":{"line":35,"column":53}},{"start":{"line":35,"column":53},"end":{"line":35,"column":59}}],"line":35},"2":{"loc":{"start":{"line":49,"column":43},"end":{"line":49,"column":86}},"type":"cond-expr","locations":[{"start":{"line":49,"column":73},"end":{"line":49,"column":84}},{"start":{"line":49,"column":84},"end":{"line":49,"column":86}}],"line":49},"3":{"loc":{"start":{"line":57,"column":43},"end":{"line":57,"column":82}},"type":"cond-expr","locations":[{"start":{"line":57,"column":69},"end":{"line":57,"column":80}},{"start":{"line":57,"column":80},"end":{"line":57,"column":82}}],"line":57}},"s":{"0":6,"1":6,"2":2,"3":2,"4":6,"5":0,"6":0,"7":2,"8":1},"f":{"0":6,"1":2,"2":0,"3":0,"4":2,"5":1},"b":{"0":[0,6],"1":[0,6],"2":[5,1],"3":[1,5]},"meta":{"lastBranch":4,"lastFunction":6,"lastStatement":9,"seen":{"f:6:16:6:24":0,"s:7:28:7:Infinity":0,"s:9:22:12:Infinity":1,"f:9:22:9:23":1,"s:10:8:10:Infinity":2,"s:11:8:11:Infinity":3,"s:14:4:75:Infinity":4,"f:24:29:24:35":2,"s:24:35:24:Infinity":5,"b:27:30:27:76:27:76:27:Infinity":0,"b:35:44:35:53:35:53:35:59":1,"b:49:73:49:84:49:84:49:86":2,"f:50:29:50:35":3,"s:50:35:50:Infinity":6,"b:57:69:57:80:57:80:57:82":3,"f:58:29:58:35":4,"s:58:35:58:Infinity":7,"f:69:29:69:35":5,"s:69:35:69:Infinity":8}}}
,"/Users/kubagrabarczyk/Desktop/dashboard/src/utils/validation.js": {"path":"/Users/kubagrabarczyk/Desktop/dashboard/src/utils/validation.js","statementMap":{"0":{"start":{"line":3,"column":32},"end":{"line":32,"column":1}},"1":{"start":{"line":5,"column":26},"end":{"line":11,"column":5}},"2":{"start":{"line":13,"column":4},"end":{"line":17,"column":null}},"3":{"start":{"line":14,"column":8},"end":{"line":16,"column":null}},"4":{"start":{"line":15,"column":12},"end":{"line":15,"column":null}},"5":{"start":{"line":20,"column":18},"end":{"line":20,"column":50}},"6":{"start":{"line":21,"column":16},"end":{"line":25,"column":58}},"7":{"start":{"line":27,"column":4},"end":{"line":29,"column":null}},"8":{"start":{"line":28,"column":8},"end":{"line":28,"column":null}},"9":{"start":{"line":31,"column":4},"end":{"line":31,"column":null}}},"fnMap":{"0":{"name":"(anonymous_0)","decl":{"start":{"line":3,"column":32},"end":{"line":3,"column":33}},"loc":{"start":{"line":3,"column":42},"end":{"line":32,"column":1}},"line":3}},"branchMap":{"0":{"loc":{"start":{"line":14,"column":8},"end":{"line":16,"column":null}},"type":"if","locations":[{"start":{"line":14,"column":8},"end":{"line":16,"column":null}},{"start":{},"end":{}}],"line":14},"1":{"loc":{"start":{"line":14,"column":12},"end":{"line":14,"column":50}},"type":"binary-expr","locations":[{"start":{"line":14,"column":12},"end":{"line":14,"column":23}},{"start":{"line":14,"column":27},"end":{"line":14,"column":50}}],"line":14},"2":{"loc":{"start":{"line":20,"column":25},"end":{"line":20,"column":49}},"type":"binary-expr","locations":[{"start":{"line":20,"column":25},"end":{"line":20,"column":44}},{"start":{"line":20,"column":48},"end":{"line":20,"column":49}}],"line":20},"3":{"loc":{"start":{"line":21,"column":23},"end":{"line":21,"column":55}},"type":"binary-expr","locations":[{"start":{"line":21,"column":23},"end":{"line":21,"column":50}},{"start":{"line":21,"column":54},"end":{"line":21,"column":55}}],"line":21},"4":{"loc":{"start":{"line":22,"column":23},"end":{"line":22,"column":51}},"type":"binary-expr","locations":[{"start":{"line":22,"column":23},"end":{"line":22,"column":46}},{"start":{"line":22,"column":50},"end":{"line":22,"column":51}}],"line":22},"5":{"loc":{"start":{"line":23,"column":23},"end":{"line":23,"column":50}},"type":"binary-expr","locations":[{"start":{"line":23,"column":23},"end":{"line":23,"column":45}},{"start":{"line":23,"column":49},"end":{"line":23,"column":50}}],"line":23},"6":{"loc":{"start":{"line":24,"column":23},"end":{"line":24,"column":47}},"type":"binary-expr","locations":[{"start":{"line":24,"column":23},"end":{"line":24,"column":42}},{"start":{"line":24,"column":46},"end":{"line":24,"column":47}}],"line":24},"7":{"loc":{"start":{"line":25,"column":23},"end":{"line":25,"column":57}},"type":"binary-expr","locations":[{"start":{"line":25,"column":23},"end":{"line":25,"column":52}},{"start":{"line":25,"column":56},"end":{"line":25,"column":57}}],"line":25},"8":{"loc":{"start":{"line":27,"column":4},"end":{"line":29,"column":null}},"type":"if","locations":[{"start":{"line":27,"column":4},"end":{"line":29,"column":null}},{"start":{},"end":{}}],"line":27},"9":{"loc":{"start":{"line":27,"column":8},"end":{"line":27,"column":59}},"type":"binary-expr","locations":[{"start":{"line":27,"column":8},"end":{"line":27,"column":17}},{"start":{"line":27,"column":21},"end":{"line":27,"column":59}}],"line":27}},"s":{"0":1,"1":3,"2":3,"3":32,"4":1,"5":2,"6":3,"7":3,"8":1,"9":1},"f":{"0":3},"b":{"0":[1,31],"1":[32,2],"2":[2,1],"3":[3,2],"4":[3,2],"5":[3,2],"6":[3,2],"7":[3,2],"8":[1,2],"9":[3,1]},"meta":{"lastBranch":10,"lastFunction":1,"lastStatement":10,"seen":{"s:3:32:32:1":0,"f:3:32:3:33":0,"s:5:26:11:5":1,"s:13:4:17:Infinity":2,"b:14:8:16:Infinity:undefined:undefined:undefined:undefined":0,"s:14:8:16:Infinity":3,"b:14:12:14:23:14:27:14:50":1,"s:15:12:15:Infinity":4,"s:20:18:20:50":5,"b:20:25:20:44:20:48:20:49":2,"s:21:16:25:58":6,"b:21:23:21:50:21:54:21:55":3,"b:22:23:22:46:22:50:22:51":4,"b:23:23:23:45:23:49:23:50":5,"b:24:23:24:42:24:46:24:47":6,"b:25:23:25:52:25:56:25:57":7,"b:27:4:29:Infinity:undefined:undefined:undefined:undefined":8,"s:27:4:29:Infinity":7,"b:27:8:27:17:27:21:27:59":9,"s:28:8:28:Infinity":8,"s:31:4:31:Infinity":9}}}
}
