{"/Users/kubagrabarczyk/Desktop/dashboard/src/App.jsx": {"path":"/Users/kubagrabarczyk/Desktop/dashboard/src/App.jsx","statementMap":{"0":{"start":{"line":10,"column":6},"end":{"line":10,"column":null}},"1":{"start":{"line":10,"column":29},"end":{"line":10,"column":null}},"2":{"start":{"line":10,"column":64},"end":{"line":10,"column":null}},"3":{"start":{"line":11,"column":6},"end":{"line":11,"column":null}},"4":{"start":{"line":11,"column":29},"end":{"line":11,"column":null}},"5":{"start":{"line":11,"column":64},"end":{"line":11,"column":null}},"6":{"start":{"line":15,"column":2},"end":{"line":18,"column":null}},"7":{"start":{"line":23,"column":28},"end":{"line":23,"column":null}},"8":{"start":{"line":24,"column":22},"end":{"line":24,"column":null}},"9":{"start":{"line":25,"column":42},"end":{"line":25,"column":null}},"10":{"start":{"line":27,"column":2},"end":{"line":41,"column":null}},"11":{"start":{"line":28,"column":4},"end":{"line":31,"column":null}},"12":{"start":{"line":29,"column":6},"end":{"line":29,"column":null}},"13":{"start":{"line":30,"column":6},"end":{"line":30,"column":null}},"14":{"start":{"line":35,"column":8},"end":{"line":38,"column":null}},"15":{"start":{"line":36,"column":6},"end":{"line":36,"column":null}},"16":{"start":{"line":37,"column":6},"end":{"line":37,"column":null}},"17":{"start":{"line":40,"column":4},"end":{"line":40,"column":null}},"18":{"start":{"line":40,"column":17},"end":{"line":40,"column":null}},"19":{"start":{"line":44,"column":2},"end":{"line":46,"column":null}},"20":{"start":{"line":45,"column":4},"end":{"line":45,"column":null}},"21":{"start":{"line":48,"column":2},"end":{"line":54,"column":null}},"22":{"start":{"line":49,"column":4},"end":{"line":52,"column":null}},"23":{"start":{"line":56,"column":2},"end":{"line":63,"column":null}},"24":{"start":{"line":57,"column":4},"end":{"line":61,"column":null}},"25":{"start":{"line":65,"column":2},"end":{"line":93,"column":null}},"26":{"start":{"line":87,"column":42},"end":{"line":87,"column":64}}},"fnMap":{"0":{"name":"(anonymous_0)","decl":{"start":{"line":10,"column":23},"end":{"line":10,"column":29}},"loc":{"start":{"line":10,"column":29},"end":{"line":10,"column":null}},"line":10},"1":{"name":"(anonymous_1)","decl":{"start":{"line":10,"column":56},"end":{"line":10,"column":62}},"loc":{"start":{"line":10,"column":64},"end":{"line":10,"column":null}},"line":10},"2":{"name":"(anonymous_2)","decl":{"start":{"line":11,"column":23},"end":{"line":11,"column":29}},"loc":{"start":{"line":11,"column":29},"end":{"line":11,"column":null}},"line":11},"3":{"name":"(anonymous_3)","decl":{"start":{"line":11,"column":56},"end":{"line":11,"column":62}},"loc":{"start":{"line":11,"column":64},"end":{"line":11,"column":null}},"line":11},"4":{"name":"LoadingFallback","decl":{"start":{"line":14,"column":9},"end":{"line":14,"column":27}},"loc":{"start":{"line":14,"column":27},"end":{"line":20,"column":null}},"line":14},"5":{"name":"App","decl":{"start":{"line":22,"column":9},"end":{"line":22,"column":15}},"loc":{"start":{"line":22,"column":15},"end":{"line":95,"column":null}},"line":22},"6":{"name":"(anonymous_6)","decl":{"start":{"line":27,"column":12},"end":{"line":27,"column":18}},"loc":{"start":{"line":27,"column":18},"end":{"line":41,"column":5}},"line":27},"7":{"name":"(anonymous_7)","decl":{"start":{"line":28,"column":36},"end":{"line":28,"column":37}},"loc":{"start":{"line":28,"column":63},"end":{"line":31,"column":5}},"line":28},"8":{"name":"(anonymous_8)","decl":{"start":{"line":35,"column":40},"end":{"line":35,"column":41}},"loc":{"start":{"line":35,"column":61},"end":{"line":38,"column":5}},"line":35},"9":{"name":"(anonymous_9)","decl":{"start":{"line":40,"column":11},"end":{"line":40,"column":17}},"loc":{"start":{"line":40,"column":17},"end":{"line":40,"column":null}},"line":40},"10":{"name":"(anonymous_10)","decl":{"start":{"line":44,"column":12},"end":{"line":44,"column":18}},"loc":{"start":{"line":44,"column":18},"end":{"line":46,"column":5}},"line":44},"11":{"name":"(anonymous_11)","decl":{"start":{"line":87,"column":36},"end":{"line":87,"column":42}},"loc":{"start":{"line":87,"column":42},"end":{"line":87,"column":64}},"line":87}},"branchMap":{"0":{"loc":{"start":{"line":48,"column":2},"end":{"line":54,"column":null}},"type":"if","locations":[{"start":{"line":48,"column":2},"end":{"line":54,"column":null}},{"start":{},"end":{}}],"line":48},"1":{"loc":{"start":{"line":56,"column":2},"end":{"line":63,"column":null}},"type":"if","locations":[{"start":{"line":56,"column":2},"end":{"line":63,"column":null}},{"start":{},"end":{}}],"line":56},"2":{"loc":{"start":{"line":79,"column":15},"end":{"line":87,"column":null}},"type":"cond-expr","locations":[{"start":{"line":80,"column":16},"end":{"line":85,"column":null}},{"start":{"line":87,"column":16},"end":{"line":87,"column":null}}],"line":79}},"s":{"0":1,"1":1,"2":1,"3":1,"4":1,"5":1,"6":2,"7":8,"8":8,"9":8,"10":8,"11":4,"12":4,"13":4,"14":4,"15":0,"16":0,"17":4,"18":4,"19":8,"20":5,"21":8,"22":4,"23":4,"24":1,"25":3,"26":0},"f":{"0":1,"1":1,"2":1,"3":1,"4":2,"5":8,"6":4,"7":4,"8":0,"9":4,"10":5,"11":0},"b":{"0":[4,4],"1":[1,3],"2":[2,1]},"meta":{"lastBranch":3,"lastFunction":12,"lastStatement":27,"seen":{"s:10:6:10:Infinity":0,"f:10:23:10:29":0,"s:10:29:10:Infinity":1,"f:10:56:10:62":1,"s:10:64:10:Infinity":2,"s:11:6:11:Infinity":3,"f:11:23:11:29":2,"s:11:29:11:Infinity":4,"f:11:56:11:62":3,"s:11:64:11:Infinity":5,"f:14:9:14:27":4,"s:15:2:18:Infinity":6,"f:22:9:22:15":5,"s:23:28:23:Infinity":7,"s:24:22:24:Infinity":8,"s:25:42:25:Infinity":9,"s:27:2:41:Infinity":10,"f:27:12:27:18":6,"s:28:4:31:Infinity":11,"f:28:36:28:37":7,"s:29:6:29:Infinity":12,"s:30:6:30:Infinity":13,"s:35:8:38:Infinity":14,"f:35:40:35:41":8,"s:36:6:36:Infinity":15,"s:37:6:37:Infinity":16,"s:40:4:40:Infinity":17,"f:40:11:40:17":9,"s:40:17:40:Infinity":18,"s:44:2:46:Infinity":19,"f:44:12:44:18":10,"s:45:4:45:Infinity":20,"b:48:2:54:Infinity:undefined:undefined:undefined:undefined":0,"s:48:2:54:Infinity":21,"s:49:4:52:Infinity":22,"b:56:2:63:Infinity:undefined:undefined:undefined:undefined":1,"s:56:2:63:Infinity":23,"s:57:4:61:Infinity":24,"s:65:2:93:Infinity":25,"b:80:16:85:Infinity:87:16:87:Infinity":2,"f:87:36:87:42":11,"s:87:42:87:64":26}}}
,"/Users/kubagrabarczyk/Desktop/dashboard/src/Auth.jsx": {"path":"/Users/kubagrabarczyk/Desktop/dashboard/src/Auth.jsx","statementMap":{"0":{"start":{"line":7,"column":28},"end":{"line":7,"column":null}},"1":{"start":{"line":8,"column":24},"end":{"line":8,"column":null}},"2":{"start":{"line":9,"column":30},"end":{"line":9,"column":null}},"3":{"start":{"line":10,"column":30},"end":{"line":10,"column":null}},"4":{"start":{"line":12,"column":21},"end":{"line":35,"column":null}},"5":{"start":{"line":13,"column":4},"end":{"line":13,"column":null}},"6":{"start":{"line":14,"column":4},"end":{"line":14,"column":null}},"7":{"start":{"line":15,"column":4},"end":{"line":34,"column":null}},"8":{"start":{"line":16,"column":6},"end":{"line":29,"column":null}},"9":{"start":{"line":17,"column":26},"end":{"line":23,"column":null}},"10":{"start":{"line":24,"column":8},"end":{"line":24,"column":null}},"11":{"start":{"line":24,"column":19},"end":{"line":24,"column":null}},"12":{"start":{"line":25,"column":8},"end":{"line":25,"column":null}},"13":{"start":{"line":27,"column":26},"end":{"line":27,"column":null}},"14":{"start":{"line":28,"column":8},"end":{"line":28,"column":null}},"15":{"start":{"line":28,"column":19},"end":{"line":28,"column":null}},"16":{"start":{"line":31,"column":6},"end":{"line":31,"column":null}},"17":{"start":{"line":33,"column":6},"end":{"line":33,"column":null}},"18":{"start":{"line":37,"column":2},"end":{"line":69,"column":null}},"19":{"start":{"line":48,"column":31},"end":{"line":48,"column":null}},"20":{"start":{"line":57,"column":31},"end":{"line":57,"column":null}},"21":{"start":{"line":65,"column":52},"end":{"line":65,"column":null}}},"fnMap":{"0":{"name":"Auth","decl":{"start":{"line":6,"column":16},"end":{"line":6,"column":23}},"loc":{"start":{"line":6,"column":23},"end":{"line":71,"column":null}},"line":6},"1":{"name":"(anonymous_1)","decl":{"start":{"line":12,"column":21},"end":{"line":12,"column":28}},"loc":{"start":{"line":12,"column":34},"end":{"line":35,"column":null}},"line":12},"2":{"name":"(anonymous_2)","decl":{"start":{"line":48,"column":24},"end":{"line":48,"column":25}},"loc":{"start":{"line":48,"column":31},"end":{"line":48,"column":null}},"line":48},"3":{"name":"(anonymous_3)","decl":{"start":{"line":57,"column":24},"end":{"line":57,"column":25}},"loc":{"start":{"line":57,"column":31},"end":{"line":57,"column":null}},"line":57},"4":{"name":"(anonymous_4)","decl":{"start":{"line":65,"column":46},"end":{"line":65,"column":52}},"loc":{"start":{"line":65,"column":52},"end":{"line":65,"column":null}},"line":65}},"branchMap":{"0":{"loc":{"start":{"line":16,"column":6},"end":{"line":29,"column":null}},"type":"if","locations":[{"start":{"line":16,"column":6},"end":{"line":29,"column":null}},{"start":{"line":26,"column":13},"end":{"line":29,"column":null}}],"line":16},"1":{"loc":{"start":{"line":24,"column":8},"end":{"line":24,"column":null}},"type":"if","locations":[{"start":{"line":24,"column":8},"end":{"line":24,"column":null}},{"start":{},"end":{}}],"line":24},"2":{"loc":{"start":{"line":28,"column":8},"end":{"line":28,"column":null}},"type":"if","locations":[{"start":{"line":28,"column":8},"end":{"line":28,"column":null}},{"start":{},"end":{}}],"line":28},"3":{"loc":{"start":{"line":41,"column":12},"end":{"line":41,"column":82}},"type":"cond-expr","locations":[{"start":{"line":41,"column":23},"end":{"line":41,"column":53}},{"start":{"line":41,"column":53},"end":{"line":41,"column":82}}],"line":41},"4":{"loc":{"start":{"line":62,"column":13},"end":{"line":62,"column":null}},"type":"cond-expr","locations":[{"start":{"line":62,"column":23},"end":{"line":62,"column":42}},{"start":{"line":62,"column":42},"end":{"line":62,"column":null}}],"line":62},"5":{"loc":{"start":{"line":62,"column":42},"end":{"line":62,"column":null}},"type":"cond-expr","locations":[{"start":{"line":62,"column":53},"end":{"line":62,"column":65}},{"start":{"line":62,"column":65},"end":{"line":62,"column":null}}],"line":62},"6":{"loc":{"start":{"line":66,"column":11},"end":{"line":66,"column":null}},"type":"cond-expr","locations":[{"start":{"line":66,"column":22},"end":{"line":66,"column":57}},{"start":{"line":66,"column":57},"end":{"line":66,"column":null}}],"line":66}},"s":{"0":18,"1":18,"2":18,"3":18,"4":18,"5":3,"6":3,"7":3,"8":3,"9":1,"10":1,"11":0,"12":1,"13":2,"14":2,"15":1,"16":1,"17":3,"18":18,"19":2,"20":2,"21":2},"f":{"0":18,"1":3,"2":2,"3":2,"4":2},"b":{"0":[1,2],"1":[0,1],"2":[1,1],"3":[6,12],"4":[3,15],"5":[5,10],"6":[6,12]},"meta":{"lastBranch":7,"lastFunction":5,"lastStatement":22,"seen":{"f:6:16:6:23":0,"s:7:28:7:Infinity":0,"s:8:24:8:Infinity":1,"s:9:30:9:Infinity":2,"s:10:30:10:Infinity":3,"s:12:21:35:Infinity":4,"f:12:21:12:28":1,"s:13:4:13:Infinity":5,"s:14:4:14:Infinity":6,"s:15:4:34:Infinity":7,"b:16:6:29:Infinity:26:13:29:Infinity":0,"s:16:6:29:Infinity":8,"s:17:26:23:Infinity":9,"b:24:8:24:Infinity:undefined:undefined:undefined:undefined":1,"s:24:8:24:Infinity":10,"s:24:19:24:Infinity":11,"s:25:8:25:Infinity":12,"s:27:26:27:Infinity":13,"b:28:8:28:Infinity:undefined:undefined:undefined:undefined":2,"s:28:8:28:Infinity":14,"s:28:19:28:Infinity":15,"s:31:6:31:Infinity":16,"s:33:6:33:Infinity":17,"s:37:2:69:Infinity":18,"b:41:23:41:53:41:53:41:82":3,"f:48:24:48:25":2,"s:48:31:48:Infinity":19,"f:57:24:57:25":3,"s:57:31:57:Infinity":20,"b:62:23:62:42:62:42:62:Infinity":4,"b:62:53:62:65:62:65:62:Infinity":5,"f:65:46:65:52":4,"s:65:52:65:Infinity":21,"b:66:22:66:57:66:57:66:Infinity":6}}}
,"/Users/kubagrabarczyk/Desktop/dashboard/src/Dashboard.jsx": {"path":"/Users/kubagrabarczyk/Desktop/dashboard/src/Dashboard.jsx","statementMap":{"0":{"start":{"line":7,"column":4},"end":{"line":15,"column":null}},"1":{"start":{"line":8,"column":8},"end":{"line":13,"column":null}},"2":{"start":{"line":16,"column":4},"end":{"line":23,"column":null}},"3":{"start":{"line":28,"column":4},"end":{"line":35,"column":null}},"4":{"start":{"line":29,"column":8},"end":{"line":33,"column":null}},"5":{"start":{"line":36,"column":4},"end":{"line":44,"column":null}},"6":{"start":{"line":49,"column":30},"end":{"line":49,"column":null}},"7":{"start":{"line":50,"column":30},"end":{"line":50,"column":null}},"8":{"start":{"line":52,"column":22},"end":{"line":66,"column":null}},"9":{"start":{"line":53,"column":8},"end":{"line":65,"column":null}},"10":{"start":{"line":54,"column":36},"end":{"line":57,"column":null}},"11":{"start":{"line":59,"column":12},"end":{"line":59,"column":null}},"12":{"start":{"line":59,"column":23},"end":{"line":59,"column":null}},"13":{"start":{"line":60,"column":12},"end":{"line":60,"column":null}},"14":{"start":{"line":62,"column":12},"end":{"line":62,"column":null}},"15":{"start":{"line":64,"column":12},"end":{"line":64,"column":null}},"16":{"start":{"line":68,"column":4},"end":{"line":78,"column":null}},"17":{"start":{"line":69,"column":8},"end":{"line":69,"column":null}},"18":{"start":{"line":70,"column":29},"end":{"line":73,"column":null}},"19":{"start":{"line":75,"column":8},"end":{"line":77,"column":null}},"20":{"start":{"line":76,"column":13},"end":{"line":76,"column":null}},"21":{"start":{"line":81,"column":19},"end":{"line":81,"column":null}},"22":{"start":{"line":83,"column":4},"end":{"line":189,"column":null}},"23":{"start":{"line":157,"column":36},"end":{"line":164,"column":null}},"24":{"start":{"line":168,"column":36},"end":{"line":175,"column":null}}},"fnMap":{"0":{"name":"MetricCard","decl":{"start":{"line":6,"column":9},"end":{"line":6,"column":20}},"loc":{"start":{"line":6,"column":60},"end":{"line":25,"column":null}},"line":6},"1":{"name":"ChartCard","decl":{"start":{"line":27,"column":9},"end":{"line":27,"column":19}},"loc":{"start":{"line":27,"column":49},"end":{"line":46,"column":null}},"line":27},"2":{"name":"Dashboard","decl":{"start":{"line":48,"column":16},"end":{"line":48,"column":28}},"loc":{"start":{"line":48,"column":28},"end":{"line":191,"column":null}},"line":48},"3":{"name":"(anonymous_3)","decl":{"start":{"line":52,"column":22},"end":{"line":52,"column":34}},"loc":{"start":{"line":52,"column":34},"end":{"line":66,"column":null}},"line":52},"4":{"name":"(anonymous_4)","decl":{"start":{"line":68,"column":14},"end":{"line":68,"column":20}},"loc":{"start":{"line":68,"column":20},"end":{"line":78,"column":7}},"line":68},"5":{"name":"(anonymous_5)","decl":{"start":{"line":75,"column":15},"end":{"line":75,"column":21}},"loc":{"start":{"line":75,"column":21},"end":{"line":77,"column":null}},"line":75},"6":{"name":"(anonymous_6)","decl":{"start":{"line":156,"column":62},"end":{"line":156,"column":63}},"loc":{"start":{"line":157,"column":36},"end":{"line":164,"column":null}},"line":157},"7":{"name":"(anonymous_7)","decl":{"start":{"line":167,"column":44},"end":{"line":167,"column":45}},"loc":{"start":{"line":168,"column":36},"end":{"line":175,"column":null}},"line":168}},"branchMap":{"0":{"loc":{"start":{"line":7,"column":4},"end":{"line":15,"column":null}},"type":"if","locations":[{"start":{"line":7,"column":4},"end":{"line":15,"column":null}},{"start":{},"end":{}}],"line":7},"1":{"loc":{"start":{"line":22,"column":13},"end":{"line":22,"column":null}},"type":"binary-expr","locations":[{"start":{"line":22,"column":13},"end":{"line":22,"column":22}},{"start":{"line":22,"column":22},"end":{"line":22,"column":null}}],"line":22},"2":{"loc":{"start":{"line":28,"column":4},"end":{"line":35,"column":null}},"type":"if","locations":[{"start":{"line":28,"column":4},"end":{"line":35,"column":null}},{"start":{},"end":{}}],"line":28},"3":{"loc":{"start":{"line":59,"column":12},"end":{"line":59,"column":null}},"type":"if","locations":[{"start":{"line":59,"column":12},"end":{"line":59,"column":null}},{"start":{},"end":{}}],"line":59},"4":{"loc":{"start":{"line":81,"column":19},"end":{"line":81,"column":null}},"type":"cond-expr","locations":[{"start":{"line":81,"column":40},"end":{"line":81,"column":70}},{"start":{"line":81,"column":70},"end":{"line":81,"column":null}}],"line":81},"5":{"loc":{"start":{"line":90,"column":27},"end":{"line":90,"column":null}},"type":"cond-expr","locations":[{"start":{"line":90,"column":56},"end":{"line":90,"column":141}},{"start":{"line":90,"column":141},"end":{"line":90,"column":null}}],"line":90},"6":{"loc":{"start":{"line":92,"column":27},"end":{"line":92,"column":null}},"type":"cond-expr","locations":[{"start":{"line":92,"column":47},"end":{"line":92,"column":79}},{"start":{"line":92,"column":79},"end":{"line":92,"column":null}}],"line":92},"7":{"loc":{"start":{"line":97,"column":27},"end":{"line":97,"column":null}},"type":"cond-expr","locations":[{"start":{"line":97,"column":48},"end":{"line":97,"column":80}},{"start":{"line":97,"column":80},"end":{"line":97,"column":null}}],"line":97},"8":{"loc":{"start":{"line":103,"column":27},"end":{"line":103,"column":null}},"type":"cond-expr","locations":[{"start":{"line":103,"column":34},"end":{"line":103,"column":103}},{"start":{"line":103,"column":103},"end":{"line":103,"column":null}}],"line":103},"9":{"loc":{"start":{"line":154,"column":29},"end":{"line":176,"column":null}},"type":"cond-expr","locations":[{"start":{"line":156,"column":32},"end":{"line":165,"column":null}},{"start":{"line":167,"column":32},"end":{"line":176,"column":null}}],"line":154},"10":{"loc":{"start":{"line":170,"column":45},"end":{"line":170,"column":66}},"type":"binary-expr","locations":[{"start":{"line":170,"column":45},"end":{"line":170,"column":62}},{"start":{"line":170,"column":62},"end":{"line":170,"column":66}}],"line":170},"11":{"loc":{"start":{"line":172,"column":47},"end":{"line":172,"column":71}},"type":"binary-expr","locations":[{"start":{"line":172,"column":47},"end":{"line":172,"column":68}},{"start":{"line":172,"column":68},"end":{"line":172,"column":71}}],"line":172},"12":{"loc":{"start":{"line":173,"column":46},"end":{"line":173,"column":73}},"type":"binary-expr","locations":[{"start":{"line":173,"column":46},"end":{"line":173,"column":70}},{"start":{"line":173,"column":70},"end":{"line":173,"column":73}}],"line":173},"13":{"loc":{"start":{"line":174,"column":46},"end":{"line":174,"column":68}},"type":"binary-expr","locations":[{"start":{"line":174,"column":46},"end":{"line":174,"column":65}},{"start":{"line":174,"column":65},"end":{"line":174,"column":68}}],"line":174},"14":{"loc":{"start":{"line":178,"column":29},"end":{"line":183,"column":null}},"type":"binary-expr","locations":[{"start":{"line":178,"column":29},"end":{"line":178,"column":41}},{"start":{"line":178,"column":41},"end":{"line":178,"column":null}},{"start":{"line":179,"column":32},"end":{"line":183,"column":null}}],"line":178}},"s":{"0":18,"1":12,"2":6,"3":12,"4":8,"5":4,"6":6,"7":6,"8":6,"9":4,"10":4,"11":3,"12":0,"13":3,"14":0,"15":3,"16":6,"17":4,"18":4,"19":4,"20":4,"21":6,"22":6,"23":12,"24":1},"f":{"0":18,"1":12,"2":6,"3":4,"4":4,"5":4,"6":12,"7":1},"b":{"0":[12,6],"1":[6,4],"2":[8,4],"3":[0,3],"4":[1,5],"5":[1,5],"6":[1,5],"7":[1,5],"8":[1,5],"9":[4,2],"10":[1,0],"11":[1,0],"12":[1,0],"13":[1,0],"14":[6,2,1]},"meta":{"lastBranch":15,"lastFunction":8,"lastStatement":25,"seen":{"f:6:9:6:20":0,"b:7:4:15:Infinity:undefined:undefined:undefined:undefined":0,"s:7:4:15:Infinity":0,"s:8:8:13:Infinity":1,"s:16:4:23:Infinity":2,"b:22:13:22:22:22:22:22:Infinity":1,"f:27:9:27:19":1,"b:28:4:35:Infinity:undefined:undefined:undefined:undefined":2,"s:28:4:35:Infinity":3,"s:29:8:33:Infinity":4,"s:36:4:44:Infinity":5,"f:48:16:48:28":2,"s:49:30:49:Infinity":6,"s:50:30:50:Infinity":7,"s:52:22:66:Infinity":8,"f:52:22:52:34":3,"s:53:8:65:Infinity":9,"s:54:36:57:Infinity":10,"b:59:12:59:Infinity:undefined:undefined:undefined:undefined":3,"s:59:12:59:Infinity":11,"s:59:23:59:Infinity":12,"s:60:12:60:Infinity":13,"s:62:12:62:Infinity":14,"s:64:12:64:Infinity":15,"s:68:4:78:Infinity":16,"f:68:14:68:20":4,"s:69:8:69:Infinity":17,"s:70:29:73:Infinity":18,"s:75:8:77:Infinity":19,"f:75:15:75:21":5,"s:76:13:76:Infinity":20,"s:81:19:81:Infinity":21,"b:81:40:81:70:81:70:81:Infinity":4,"s:83:4:189:Infinity":22,"b:90:56:90:141:90:141:90:Infinity":5,"b:92:47:92:79:92:79:92:Infinity":6,"b:97:48:97:80:97:80:97:Infinity":7,"b:103:34:103:103:103:103:103:Infinity":8,"b:156:32:165:Infinity:167:32:176:Infinity":9,"f:156:62:156:63":6,"s:157:36:164:Infinity":23,"f:167:44:167:45":7,"s:168:36:175:Infinity":24,"b:170:45:170:62:170:62:170:66":10,"b:172:47:172:68:172:68:172:71":11,"b:173:46:173:70:173:70:173:73":12,"b:174:46:174:65:174:65:174:68":13,"b:178:29:178:41:178:41:178:Infinity:179:32:183:Infinity":14}}}
,"/Users/kubagrabarczyk/Desktop/dashboard/src/ErrorBoundary.jsx": {"path":"/Users/kubagrabarczyk/Desktop/dashboard/src/ErrorBoundary.jsx","statementMap":{"0":{"start":{"line":22,"column":16},"end":{"line":24,"column":null}},"1":{"start":{"line":5,"column":4},"end":{"line":5,"column":null}},"2":{"start":{"line":6,"column":4},"end":{"line":6,"column":null}},"3":{"start":{"line":10,"column":4},"end":{"line":10,"column":null}},"4":{"start":{"line":15,"column":4},"end":{"line":15,"column":null}},"5":{"start":{"line":16,"column":4},"end":{"line":16,"column":null}},"6":{"start":{"line":23,"column":4},"end":{"line":23,"column":null}},"7":{"start":{"line":27,"column":4},"end":{"line":118,"column":null}},"8":{"start":{"line":29,"column":6},"end":{"line":31,"column":null}},"9":{"start":{"line":30,"column":8},"end":{"line":30,"column":null}},"10":{"start":{"line":33,"column":6},"end":{"line":116,"column":null}},"11":{"start":{"line":85,"column":29},"end":{"line":85,"column":null}},"12":{"start":{"line":120,"column":4},"end":{"line":120,"column":null}}},"fnMap":{"0":{"name":"(anonymous_0)","decl":{"start":{"line":4,"column":2},"end":{"line":4,"column":14}},"loc":{"start":{"line":4,"column":21},"end":{"line":7,"column":null}},"line":4},"1":{"name":"(anonymous_1)","decl":{"start":{"line":9,"column":9},"end":{"line":9,"column":34}},"loc":{"start":{"line":9,"column":41},"end":{"line":11,"column":null}},"line":9},"2":{"name":"(anonymous_2)","decl":{"start":{"line":13,"column":2},"end":{"line":13,"column":20}},"loc":{"start":{"line":13,"column":38},"end":{"line":20,"column":null}},"line":13},"3":{"name":"(anonymous_3)","decl":{"start":{"line":22,"column":16},"end":{"line":22,"column":22}},"loc":{"start":{"line":22,"column":22},"end":{"line":24,"column":null}},"line":22},"4":{"name":"(anonymous_4)","decl":{"start":{"line":26,"column":2},"end":{"line":26,"column":11}},"loc":{"start":{"line":26,"column":11},"end":{"line":121,"column":null}},"line":26},"5":{"name":"(anonymous_5)","decl":{"start":{"line":85,"column":23},"end":{"line":85,"column":29}},"loc":{"start":{"line":85,"column":29},"end":{"line":85,"column":null}},"line":85}},"branchMap":{"0":{"loc":{"start":{"line":27,"column":4},"end":{"line":118,"column":null}},"type":"if","locations":[{"start":{"line":27,"column":4},"end":{"line":118,"column":null}},{"start":{},"end":{}}],"line":27},"1":{"loc":{"start":{"line":29,"column":6},"end":{"line":31,"column":null}},"type":"if","locations":[{"start":{"line":29,"column":6},"end":{"line":31,"column":null}},{"start":{},"end":{}}],"line":29},"2":{"loc":{"start":{"line":69,"column":13},"end":{"line":82,"column":null}},"type":"binary-expr","locations":[{"start":{"line":69,"column":13},"end":{"line":69,"column":36}},{"start":{"line":69,"column":36},"end":{"line":69,"column":null}},{"start":{"line":70,"column":14},"end":{"line":82,"column":null}}],"line":69}},"s":{"0":1,"1":13,"2":13,"3":10,"4":5,"5":5,"6":1,"7":25,"8":10,"9":2,"10":8,"11":1,"12":15},"f":{"0":13,"1":2,"2":5,"3":1,"4":25,"5":1},"b":{"0":[10,15],"1":[2,8],"2":[8,8,8]},"meta":{"lastBranch":3,"lastFunction":6,"lastStatement":13,"seen":{"s:22:16:24:Infinity":0,"f:4:2:4:14":0,"s:5:4:5:Infinity":1,"s:6:4:6:Infinity":2,"f:9:9:9:34":1,"s:10:4:10:Infinity":3,"f:13:2:13:20":2,"s:15:4:15:Infinity":4,"s:16:4:16:Infinity":5,"f:22:16:22:22":3,"s:23:4:23:Infinity":6,"f:26:2:26:11":4,"b:27:4:118:Infinity:undefined:undefined:undefined:undefined":0,"s:27:4:118:Infinity":7,"b:29:6:31:Infinity:undefined:undefined:undefined:undefined":1,"s:29:6:31:Infinity":8,"s:30:8:30:Infinity":9,"s:33:6:116:Infinity":10,"b:69:13:69:36:69:36:69:Infinity:70:14:82:Infinity":2,"f:85:23:85:29":5,"s:85:29:85:Infinity":11,"s:120:4:120:Infinity":12}}}
,"/Users/kubagrabarczyk/Desktop/dashboard/src/InputForm.jsx": {"path":"/Users/kubagrabarczyk/Desktop/dashboard/src/InputForm.jsx","statementMap":{"0":{"start":{"line":8,"column":26},"end":{"line":25,"column":null}},"1":{"start":{"line":8,"column":33},"end":{"line":25,"column":null}},"2":{"start":{"line":28,"column":30},"end":{"line":28,"column":null}},"3":{"start":{"line":31,"column":10},"end":{"line":31,"column":null}},"4":{"start":{"line":31,"column":38},"end":{"line":31,"column":59}},"5":{"start":{"line":33,"column":32},"end":{"line":33,"column":null}},"6":{"start":{"line":36,"column":4},"end":{"line":47,"column":null}},"7":{"start":{"line":37,"column":22},"end":{"line":37,"column":null}},"8":{"start":{"line":38,"column":8},"end":{"line":46,"column":null}},"9":{"start":{"line":39,"column":12},"end":{"line":45,"column":null}},"10":{"start":{"line":40,"column":36},"end":{"line":40,"column":null}},"11":{"start":{"line":41,"column":16},"end":{"line":41,"column":null}},"12":{"start":{"line":41,"column":37},"end":{"line":41,"column":65}},"13":{"start":{"line":42,"column":16},"end":{"line":42,"column":null}},"14":{"start":{"line":44,"column":16},"end":{"line":44,"column":null}},"15":{"start":{"line":50,"column":10},"end":{"line":57,"column":null}},"16":{"start":{"line":51,"column":32},"end":{"line":51,"column":null}},"17":{"start":{"line":52,"column":8},"end":{"line":56,"column":null}},"18":{"start":{"line":53,"column":29},"end":{"line":53,"column":null}},"19":{"start":{"line":54,"column":12},"end":{"line":54,"column":null}},"20":{"start":{"line":55,"column":12},"end":{"line":55,"column":null}},"21":{"start":{"line":59,"column":25},"end":{"line":88,"column":null}},"22":{"start":{"line":60,"column":8},"end":{"line":60,"column":null}},"23":{"start":{"line":61,"column":8},"end":{"line":61,"column":null}},"24":{"start":{"line":63,"column":14},"end":{"line":63,"column":null}},"25":{"start":{"line":64,"column":8},"end":{"line":68,"column":null}},"26":{"start":{"line":65,"column":12},"end":{"line":65,"column":null}},"27":{"start":{"line":66,"column":12},"end":{"line":66,"column":null}},"28":{"start":{"line":67,"column":12},"end":{"line":67,"column":null}},"29":{"start":{"line":70,"column":8},"end":{"line":73,"column":null}},"30":{"start":{"line":71,"column":13},"end":{"line":71,"column":null}},"31":{"start":{"line":75,"column":8},"end":{"line":87,"column":null}},"32":{"start":{"line":76,"column":30},"end":{"line":76,"column":null}},"33":{"start":{"line":77,"column":12},"end":{"line":77,"column":null}},"34":{"start":{"line":77,"column":23},"end":{"line":77,"column":null}},"35":{"start":{"line":79,"column":12},"end":{"line":79,"column":null}},"36":{"start":{"line":80,"column":12},"end":{"line":80,"column":null}},"37":{"start":{"line":81,"column":12},"end":{"line":81,"column":null}},"38":{"start":{"line":82,"column":12},"end":{"line":82,"column":null}},"39":{"start":{"line":82,"column":25},"end":{"line":82,"column":null}},"40":{"start":{"line":84,"column":12},"end":{"line":84,"column":null}},"41":{"start":{"line":86,"column":12},"end":{"line":86,"column":null}},"42":{"start":{"line":90,"column":4},"end":{"line":199,"column":null}}},"fnMap":{"0":{"name":"(anonymous_0)","decl":{"start":{"line":8,"column":26},"end":{"line":8,"column":33}},"loc":{"start":{"line":8,"column":33},"end":{"line":25,"column":null}},"line":8},"1":{"name":"InputForm","decl":{"start":{"line":27,"column":16},"end":{"line":27,"column":26}},"loc":{"start":{"line":27,"column":39},"end":{"line":201,"column":null}},"line":27},"2":{"name":"(anonymous_2)","decl":{"start":{"line":31,"column":32},"end":{"line":31,"column":38}},"loc":{"start":{"line":31,"column":38},"end":{"line":31,"column":59}},"line":31},"3":{"name":"(anonymous_3)","decl":{"start":{"line":36,"column":14},"end":{"line":36,"column":20}},"loc":{"start":{"line":36,"column":20},"end":{"line":47,"column":7}},"line":36},"4":{"name":"(anonymous_4)","decl":{"start":{"line":41,"column":28},"end":{"line":41,"column":37}},"loc":{"start":{"line":41,"column":37},"end":{"line":41,"column":65}},"line":41},"5":{"name":"(anonymous_5)","decl":{"start":{"line":50,"column":37},"end":{"line":50,"column":38}},"loc":{"start":{"line":50,"column":44},"end":{"line":57,"column":7}},"line":50},"6":{"name":"(anonymous_6)","decl":{"start":{"line":52,"column":20},"end":{"line":52,"column":28}},"loc":{"start":{"line":52,"column":28},"end":{"line":56,"column":9}},"line":52},"7":{"name":"(anonymous_7)","decl":{"start":{"line":59,"column":25},"end":{"line":59,"column":32}},"loc":{"start":{"line":59,"column":38},"end":{"line":88,"column":null}},"line":59}},"branchMap":{"0":{"loc":{"start":{"line":38,"column":8},"end":{"line":46,"column":null}},"type":"if","locations":[{"start":{"line":38,"column":8},"end":{"line":46,"column":null}},{"start":{},"end":{}}],"line":38},"1":{"loc":{"start":{"line":64,"column":8},"end":{"line":68,"column":null}},"type":"if","locations":[{"start":{"line":64,"column":8},"end":{"line":68,"column":null}},{"start":{},"end":{}}],"line":64},"2":{"loc":{"start":{"line":70,"column":8},"end":{"line":73,"column":null}},"type":"if","locations":[{"start":{"line":70,"column":8},"end":{"line":73,"column":null}},{"start":{},"end":{}}],"line":70},"3":{"loc":{"start":{"line":77,"column":12},"end":{"line":77,"column":null}},"type":"if","locations":[{"start":{"line":77,"column":12},"end":{"line":77,"column":null}},{"start":{},"end":{}}],"line":77},"4":{"loc":{"start":{"line":82,"column":12},"end":{"line":82,"column":null}},"type":"if","locations":[{"start":{"line":82,"column":12},"end":{"line":82,"column":null}},{"start":{},"end":{}}],"line":82},"5":{"loc":{"start":{"line":195,"column":25},"end":{"line":195,"column":null}},"type":"cond-expr","locations":[{"start":{"line":195,"column":35},"end":{"line":195,"column":49}},{"start":{"line":195,"column":49},"end":{"line":195,"column":null}}],"line":195}},"s":{"0":1,"1":6,"2":14,"3":14,"4":5,"5":14,"6":14,"7":5,"8":5,"9":1,"10":1,"11":1,"12":1,"13":1,"14":0,"15":14,"16":3,"17":3,"18":3,"19":3,"20":3,"21":14,"22":3,"23":3,"24":3,"25":3,"26":1,"27":1,"28":1,"29":2,"30":1,"31":2,"32":2,"33":2,"34":2,"35":1,"36":1,"37":1,"38":1,"39":1,"40":1,"41":2,"42":14},"f":{"0":6,"1":14,"2":5,"3":5,"4":1,"5":3,"6":3,"7":3},"b":{"0":[1,4],"1":[1,2],"2":[1,1],"3":[1,1],"4":[1,0],"5":[2,12]},"meta":{"lastBranch":6,"lastFunction":8,"lastStatement":43,"seen":{"s:8:26:25:Infinity":0,"f:8:26:8:33":0,"s:8:33:25:Infinity":1,"f:27:16:27:26":1,"s:28:30:28:Infinity":2,"s:31:10:31:Infinity":3,"f:31:32:31:38":2,"s:31:38:31:59":4,"s:33:32:33:Infinity":5,"s:36:4:47:Infinity":6,"f:36:14:36:20":3,"s:37:22:37:Infinity":7,"b:38:8:46:Infinity:undefined:undefined:undefined:undefined":0,"s:38:8:46:Infinity":8,"s:39:12:45:Infinity":9,"s:40:36:40:Infinity":10,"s:41:16:41:Infinity":11,"f:41:28:41:37":4,"s:41:37:41:65":12,"s:42:16:42:Infinity":13,"s:44:16:44:Infinity":14,"s:50:10:57:Infinity":15,"f:50:37:50:38":5,"s:51:32:51:Infinity":16,"s:52:8:56:Infinity":17,"f:52:20:52:28":6,"s:53:29:53:Infinity":18,"s:54:12:54:Infinity":19,"s:55:12:55:Infinity":20,"s:59:25:88:Infinity":21,"f:59:25:59:32":7,"s:60:8:60:Infinity":22,"s:61:8:61:Infinity":23,"s:63:14:63:Infinity":24,"b:64:8:68:Infinity:undefined:undefined:undefined:undefined":1,"s:64:8:68:Infinity":25,"s:65:12:65:Infinity":26,"s:66:12:66:Infinity":27,"s:67:12:67:Infinity":28,"b:70:8:73:Infinity:undefined:undefined:undefined:undefined":2,"s:70:8:73:Infinity":29,"s:71:13:71:Infinity":30,"s:75:8:87:Infinity":31,"s:76:30:76:Infinity":32,"b:77:12:77:Infinity:undefined:undefined:undefined:undefined":3,"s:77:12:77:Infinity":33,"s:77:23:77:Infinity":34,"s:79:12:79:Infinity":35,"s:80:12:80:Infinity":36,"s:81:12:81:Infinity":37,"b:82:12:82:Infinity:undefined:undefined:undefined:undefined":4,"s:82:12:82:Infinity":38,"s:82:25:82:Infinity":39,"s:84:12:84:Infinity":40,"s:86:12:86:Infinity":41,"s:90:4:199:Infinity":42,"b:195:35:195:49:195:49:195:Infinity":5}}}
,"/Users/kubagrabarczyk/Desktop/dashboard/src/Sidebar.jsx": {"path":"/Users/kubagrabarczyk/Desktop/dashboard/src/Sidebar.jsx","statementMap":{"0":{"start":{"line":13,"column":26},"end":{"line":13,"column":null}},"1":{"start":{"line":15,"column":20},"end":{"line":18,"column":null}},"2":{"start":{"line":16,"column":4},"end":{"line":16,"column":null}},"3":{"start":{"line":17,"column":4},"end":{"line":17,"column":null}},"4":{"start":{"line":20,"column":24},"end":{"line":22,"column":null}},"5":{"start":{"line":21,"column":4},"end":{"line":21,"column":null}},"6":{"start":{"line":24,"column":2},"end":{"line":93,"column":null}},"7":{"start":{"line":34,"column":23},"end":{"line":34,"column":null}},"8":{"start":{"line":57,"column":25},"end":{"line":57,"column":null}},"9":{"start":{"line":70,"column":25},"end":{"line":70,"column":null}}},"fnMap":{"0":{"name":"Sidebar","decl":{"start":{"line":12,"column":16},"end":{"line":12,"column":24}},"loc":{"start":{"line":12,"column":50},"end":{"line":95,"column":null}},"line":12},"1":{"name":"(anonymous_1)","decl":{"start":{"line":15,"column":20},"end":{"line":15,"column":21}},"loc":{"start":{"line":15,"column":30},"end":{"line":18,"column":null}},"line":15},"2":{"name":"(anonymous_2)","decl":{"start":{"line":20,"column":24},"end":{"line":20,"column":36}},"loc":{"start":{"line":20,"column":36},"end":{"line":22,"column":null}},"line":20},"3":{"name":"(anonymous_3)","decl":{"start":{"line":34,"column":17},"end":{"line":34,"column":23}},"loc":{"start":{"line":34,"column":23},"end":{"line":34,"column":null}},"line":34},"4":{"name":"(anonymous_4)","decl":{"start":{"line":57,"column":19},"end":{"line":57,"column":25}},"loc":{"start":{"line":57,"column":25},"end":{"line":57,"column":null}},"line":57},"5":{"name":"(anonymous_5)","decl":{"start":{"line":70,"column":19},"end":{"line":70,"column":25}},"loc":{"start":{"line":70,"column":25},"end":{"line":70,"column":null}},"line":70}},"branchMap":{"0":{"loc":{"start":{"line":37,"column":20},"end":{"line":37,"column":null}},"type":"cond-expr","locations":[{"start":{"line":37,"column":29},"end":{"line":37,"column":55}},{"start":{"line":37,"column":55},"end":{"line":37,"column":null}}],"line":37},"1":{"loc":{"start":{"line":39,"column":9},"end":{"line":42,"column":null}},"type":"cond-expr","locations":[{"start":{"line":40,"column":10},"end":{"line":40,"column":null}},{"start":{"line":42,"column":10},"end":{"line":42,"column":null}}],"line":39},"2":{"loc":{"start":{"line":48,"column":36},"end":{"line":48,"column":62}},"type":"cond-expr","locations":[{"start":{"line":48,"column":45},"end":{"line":48,"column":54}},{"start":{"line":48,"column":54},"end":{"line":48,"column":62}}],"line":48},"3":{"loc":{"start":{"line":56,"column":33},"end":{"line":56,"column":76}},"type":"cond-expr","locations":[{"start":{"line":56,"column":63},"end":{"line":56,"column":74}},{"start":{"line":56,"column":74},"end":{"line":56,"column":76}}],"line":56},"4":{"loc":{"start":{"line":58,"column":24},"end":{"line":58,"column":null}},"type":"cond-expr","locations":[{"start":{"line":58,"column":54},"end":{"line":58,"column":63}},{"start":{"line":58,"column":63},"end":{"line":58,"column":null}}],"line":58},"5":{"loc":{"start":{"line":69,"column":33},"end":{"line":69,"column":72}},"type":"cond-expr","locations":[{"start":{"line":69,"column":59},"end":{"line":69,"column":70}},{"start":{"line":69,"column":70},"end":{"line":69,"column":72}}],"line":69},"6":{"loc":{"start":{"line":71,"column":24},"end":{"line":71,"column":null}},"type":"cond-expr","locations":[{"start":{"line":71,"column":50},"end":{"line":71,"column":59}},{"start":{"line":71,"column":59},"end":{"line":71,"column":null}}],"line":71}},"s":{"0":6,"1":6,"2":2,"3":2,"4":6,"5":1,"6":6,"7":0,"8":0,"9":2},"f":{"0":6,"1":2,"2":1,"3":0,"4":0,"5":2},"b":{"0":[0,6],"1":[0,6],"2":[0,6],"3":[5,1],"4":[5,1],"5":[1,5],"6":[1,5]},"meta":{"lastBranch":7,"lastFunction":6,"lastStatement":10,"seen":{"f:12:16:12:24":0,"s:13:26:13:Infinity":0,"s:15:20:18:Infinity":1,"f:15:20:15:21":1,"s:16:4:16:Infinity":2,"s:17:4:17:Infinity":3,"s:20:24:22:Infinity":4,"f:20:24:20:36":2,"s:21:4:21:Infinity":5,"s:24:2:93:Infinity":6,"f:34:17:34:23":3,"s:34:23:34:Infinity":7,"b:37:29:37:55:37:55:37:Infinity":0,"b:40:10:40:Infinity:42:10:42:Infinity":1,"b:48:45:48:54:48:54:48:62":2,"b:56:63:56:74:56:74:56:76":3,"f:57:19:57:25":4,"s:57:25:57:Infinity":8,"b:58:54:58:63:58:63:58:Infinity":4,"b:69:59:69:70:69:70:69:72":5,"f:70:19:70:25":5,"s:70:25:70:Infinity":9,"b:71:50:71:59:71:59:71:Infinity":6}}}
,"/Users/kubagrabarczyk/Desktop/dashboard/src/constants.js": {"path":"/Users/kubagrabarczyk/Desktop/dashboard/src/constants.js","statementMap":{"0":{"start":{"line":7,"column":26},"end":{"line":10,"column":1}},"1":{"start":{"line":13,"column":25},"end":{"line":18,"column":1}},"2":{"start":{"line":21,"column":21},"end":{"line":26,"column":1}},"3":{"start":{"line":29,"column":18},"end":{"line":36,"column":1}},"4":{"start":{"line":39,"column":28},"end":{"line":41,"column":1}}},"fnMap":{},"branchMap":{},"s":{"0":3,"1":3,"2":3,"3":3,"4":3},"f":{},"b":{},"meta":{"lastBranch":0,"lastFunction":0,"lastStatement":5,"seen":{"s:7:26:10:1":0,"s:13:25:18:1":1,"s:21:21:26:1":2,"s:29:18:36:1":3,"s:39:28:41:1":4}}}
,"/Users/kubagrabarczyk/Desktop/dashboard/src/utils/validation.js": {"path":"/Users/kubagrabarczyk/Desktop/dashboard/src/utils/validation.js","statementMap":{"0":{"start":{"line":4,"column":23},"end":{"line":10,"column":1}},"1":{"start":{"line":17,"column":32},"end":{"line":50,"column":1}},"2":{"start":{"line":19,"column":4},"end":{"line":27,"column":null}},"3":{"start":{"line":20,"column":8},"end":{"line":26,"column":null}},"4":{"start":{"line":21,"column":31},"end":{"line":21,"column":55}},"5":{"start":{"line":22,"column":12},"end":{"line":25,"column":null}},"6":{"start":{"line":30,"column":18},"end":{"line":30,"column":50}},"7":{"start":{"line":32,"column":8},"end":{"line":36,"column":50}},"8":{"start":{"line":38,"column":22},"end":{"line":38,"column":62}},"9":{"start":{"line":39,"column":24},"end":{"line":39,"column":54}},"10":{"start":{"line":41,"column":4},"end":{"line":47,"column":null}},"11":{"start":{"line":42,"column":29},"end":{"line":42,"column":80}},"12":{"start":{"line":43,"column":8},"end":{"line":46,"column":null}},"13":{"start":{"line":49,"column":4},"end":{"line":49,"column":null}}},"fnMap":{"0":{"name":"(anonymous_0)","decl":{"start":{"line":17,"column":32},"end":{"line":17,"column":33}},"loc":{"start":{"line":17,"column":42},"end":{"line":50,"column":1}},"line":17}},"branchMap":{"0":{"loc":{"start":{"line":20,"column":8},"end":{"line":26,"column":null}},"type":"if","locations":[{"start":{"line":20,"column":8},"end":{"line":26,"column":null}},{"start":{},"end":{}}],"line":20},"1":{"loc":{"start":{"line":20,"column":12},"end":{"line":20,"column":50}},"type":"binary-expr","locations":[{"start":{"line":20,"column":12},"end":{"line":20,"column":23}},{"start":{"line":20,"column":27},"end":{"line":20,"column":50}}],"line":20},"2":{"loc":{"start":{"line":30,"column":25},"end":{"line":30,"column":49}},"type":"binary-expr","locations":[{"start":{"line":30,"column":25},"end":{"line":30,"column":44}},{"start":{"line":30,"column":48},"end":{"line":30,"column":49}}],"line":30},"3":{"loc":{"start":{"line":32,"column":15},"end":{"line":32,"column":47}},"type":"binary-expr","locations":[{"start":{"line":32,"column":15},"end":{"line":32,"column":42}},{"start":{"line":32,"column":46},"end":{"line":32,"column":47}}],"line":32},"4":{"loc":{"start":{"line":33,"column":15},"end":{"line":33,"column":43}},"type":"binary-expr","locations":[{"start":{"line":33,"column":15},"end":{"line":33,"column":38}},{"start":{"line":33,"column":42},"end":{"line":33,"column":43}}],"line":33},"5":{"loc":{"start":{"line":34,"column":15},"end":{"line":34,"column":42}},"type":"binary-expr","locations":[{"start":{"line":34,"column":15},"end":{"line":34,"column":37}},{"start":{"line":34,"column":41},"end":{"line":34,"column":42}}],"line":34},"6":{"loc":{"start":{"line":35,"column":15},"end":{"line":35,"column":39}},"type":"binary-expr","locations":[{"start":{"line":35,"column":15},"end":{"line":35,"column":34}},{"start":{"line":35,"column":38},"end":{"line":35,"column":39}}],"line":35},"7":{"loc":{"start":{"line":36,"column":15},"end":{"line":36,"column":49}},"type":"binary-expr","locations":[{"start":{"line":36,"column":15},"end":{"line":36,"column":44}},{"start":{"line":36,"column":48},"end":{"line":36,"column":49}}],"line":36},"8":{"loc":{"start":{"line":41,"column":4},"end":{"line":47,"column":null}},"type":"if","locations":[{"start":{"line":41,"column":4},"end":{"line":47,"column":null}},{"start":{},"end":{}}],"line":41},"9":{"loc":{"start":{"line":41,"column":8},"end":{"line":41,"column":44}},"type":"binary-expr","locations":[{"start":{"line":41,"column":8},"end":{"line":41,"column":17}},{"start":{"line":41,"column":21},"end":{"line":41,"column":44}}],"line":41}},"s":{"0":2,"1":2,"2":18,"3":202,"4":11,"5":11,"6":7,"7":18,"8":18,"9":18,"10":18,"11":3,"12":3,"13":4},"f":{"0":18},"b":{"0":[11,191],"1":[202,22],"2":[7,3],"3":[18,5],"4":[18,5],"5":[18,6],"6":[18,6],"7":[18,6],"8":[3,15],"9":[18,4]},"meta":{"lastBranch":10,"lastFunction":1,"lastStatement":14,"seen":{"s:4:23:10:1":0,"s:17:32:50:1":1,"f:17:32:17:33":0,"s:19:4:27:Infinity":2,"b:20:8:26:Infinity:undefined:undefined:undefined:undefined":0,"s:20:8:26:Infinity":3,"b:20:12:20:23:20:27:20:50":1,"s:21:31:21:55":4,"s:22:12:25:Infinity":5,"s:30:18:30:50":6,"b:30:25:30:44:30:48:30:49":2,"s:32:8:36:50":7,"b:32:15:32:42:32:46:32:47":3,"b:33:15:33:38:33:42:33:43":4,"b:34:15:34:37:34:41:34:42":5,"b:35:15:35:34:35:38:35:39":6,"b:36:15:36:44:36:48:36:49":7,"s:38:22:38:62":8,"s:39:24:39:54":9,"b:41:4:47:Infinity:undefined:undefined:undefined:undefined":8,"s:41:4:47:Infinity":10,"b:41:8:41:17:41:21:41:44":9,"s:42:29:42:80":11,"s:43:8:46:Infinity":12,"s:49:4:49:Infinity":13}}}
}
